<?xml version="1.0" encoding="UTF-8"?>
<!-- Generated by org.testng.reporters.JUnitXMLReporter -->
<testsuite ignored="0" hostname="Vinoth-DESKTOP-7RPL585" failures="0" tests="3" name="Default test" time="0.095" errors="0" timestamp="2023-05-29T15:55:47 IST">
  <testcase classname="testNgExamples.DependencyManagenment" name="SSLC" time="0.014"/>
  <testcase classname="testNgExamples.DependencyManagenment" name="HSC" time="0.002"/>
  <testcase classname="testNgExamples.DependencyManagenment" name="College" time="0.002"/>
</testsuite> <!-- Default test -->
